<?xml version="1.0" encoding="UTF-8"?>
<testng-results skipped="0" failed="0" ignored="0" total="2" passed="2">
  <reporter-output>
  </reporter-output>
  <suite name="Default suite" duration-ms="61" started-at="2019-10-14T11:29:35Z" finished-at="2019-10-14T11:29:35Z">
    <groups>
    </groups>
    <test name="Default test" duration-ms="61" started-at="2019-10-14T11:29:35Z" finished-at="2019-10-14T11:29:35Z">
      <class name="Test.ParallelClassesTestOne">
        <test-method status="PASS" signature="beforeClass()[pri:0, instance:Test.ParallelClassesTestOne@548a9f61]" name="beforeClass" is-config="true" duration-ms="17" started-at="2019-10-14T11:29:35Z" finished-at="2019-10-14T11:29:35Z">
          <reporter-output>
          </reporter-output>
        </test-method> <!-- beforeClass -->
        <test-method status="PASS" signature="testMethodOne()[pri:0, instance:Test.ParallelClassesTestOne@548a9f61]" name="testMethodOne" duration-ms="6" started-at="2019-10-14T11:29:35Z" finished-at="2019-10-14T11:29:35Z">
          <reporter-output>
          </reporter-output>
        </test-method> <!-- testMethodOne -->
        <test-method status="PASS" signature="testMethodTwo()[pri:0, instance:Test.ParallelClassesTestOne@548a9f61]" name="testMethodTwo" duration-ms="4" started-at="2019-10-14T11:29:35Z" finished-at="2019-10-14T11:29:35Z">
          <reporter-output>
          </reporter-output>
        </test-method> <!-- testMethodTwo -->
        <test-method status="PASS" signature="afterClass()[pri:0, instance:Test.ParallelClassesTestOne@548a9f61]" name="afterClass" is-config="true" duration-ms="0" started-at="2019-10-14T11:29:35Z" finished-at="2019-10-14T11:29:35Z">
          <reporter-output>
          </reporter-output>
        </test-method> <!-- afterClass -->
      </class> <!-- Test.ParallelClassesTestOne -->
    </test> <!-- Default test -->
  </suite> <!-- Default suite -->
</testng-results>
