<?xml version="1.0" encoding="UTF-8"?>
<!-- Generated by org.testng.reporters.JUnitReportReporter -->
<testsuite skipped="0" hostname="CPX-ANXXTNSGFUP" name="Test.ParamTestWithDataProvider1" tests="5" failures="0" timestamp="14 paź 2019 11:14:27 GMT" time="0.027" errors="0">
  <testcase name="testPrimeNumberChecker" time="0.003" classname="Test.ParamTestWithDataProvider1"/>
  <testcase name="testPrimeNumberChecker" time="0.002" classname="Test.ParamTestWithDataProvider1"/>
  <testcase name="testPrimeNumberChecker" time="0.001" classname="Test.ParamTestWithDataProvider1"/>
  <testcase name="testPrimeNumberChecker" time="0.003" classname="Test.ParamTestWithDataProvider1"/>
  <testcase name="testPrimeNumberChecker" time="0.018" classname="Test.ParamTestWithDataProvider1"/>
</testsuite> <!-- Test.ParamTestWithDataProvider1 -->
