<?xml version="1.0" encoding="UTF-8"?>
<!-- Generated by org.testng.reporters.JUnitReportReporter -->
<testsuite skipped="0" hostname="CPX-ANXXTNSGFUP" name="Test.DependencyTestUsingAnnotation" tests="3" failures="0" timestamp="14 paź 2019 11:10:53 GMT" time="0.028" errors="0">
  <testcase name="testSalutationMessage" time="0.002" classname="Test.DependencyTestUsingAnnotation"/>
  <testcase name="initEnvironmentTest" time="0.022" classname="Test.DependencyTestUsingAnnotation"/>
  <testcase name="testPrintMessage" time="0.004" classname="Test.DependencyTestUsingAnnotation"/>
</testsuite> <!-- Test.DependencyTestUsingAnnotation -->
