<?xml version="1.0" encoding="UTF-8"?>
<!-- Generated by org.testng.reporters.JUnitReportReporter -->
<testsuite skipped="0" hostname="CPX-ANXXTNSGFUP" name="Test.TestEmployeeDetails" tests="2" failures="0" timestamp="14 paź 2019 11:19:13 GMT" time="0.026" errors="0">
  <testcase name="testCalculateYearlySalary" time="0.007" classname="Test.TestEmployeeDetails"/>
  <testcase name="testCalculateAppriasal" time="0.019" classname="Test.TestEmployeeDetails"/>
</testsuite> <!-- Test.TestEmployeeDetails -->
