<?xml version="1.0" encoding="UTF-8"?>
<!-- Generated by org.testng.reporters.JUnitReportReporter -->
<testsuite skipped="1" hostname="CPX-ANXXTNSGFUP" name="Test.IgnoreTest" tests="2" failures="0" timestamp="14 paź 2019 11:19:13 GMT" time="0.019" errors="0">
  <testcase name="testSalutationMessage" time="0.019" classname="Test.IgnoreTest"/>
  <testcase name="testPrintMessage" classname="Test.IgnoreTest">
    <skipped/>
  </testcase> <!-- testPrintMessage -->
</testsuite> <!-- Test.IgnoreTest -->
